2017-07-17T01:49:13.200Z - normal: Load ~/.CocosCreator/settings.json
2017-07-17T01:49:13.217Z - normal: checking language setting...
2017-07-17T01:49:13.217Z - normal: Language: zh
2017-07-17T01:49:14.633Z - success: protocol editor-framework registered
2017-07-17T01:49:14.633Z - success: protocol app registered
2017-07-17T01:49:14.633Z - success: protocol theme registered
2017-07-17T01:49:14.633Z - success: protocol profile registered
2017-07-17T01:49:14.633Z - success: protocol packages registered
2017-07-17T01:49:14.633Z - success: protocol unpack registerred
2017-07-17T01:49:14.633Z - success: protocol disable-commonjs registerred
2017-07-17T01:49:16.357Z - normal: connected!
2017-07-17T01:49:16.357Z - normal: Check project D:\GitPro\circle-resource\WebContent\player\DesktopBull
2017-07-17T01:49:16.373Z - normal: Initializing Cocos2d
2017-07-17T01:49:16.635Z - normal: Initializing Asset Database
2017-07-17T01:49:16.673Z - success: protocol uuid registerred
2017-07-17T01:49:16.673Z - success: protocol db registerred
2017-07-17T01:49:16.673Z - success: protocol thumbnail registerred
2017-07-17T01:49:16.673Z - normal: Loading editor/builtin packages
2017-07-17T01:49:16.688Z - success: anysdk loaded
2017-07-17T01:49:16.804Z - success: assets loaded
2017-07-17T01:49:16.804Z - success: builder loaded
2017-07-17T01:49:16.804Z - success: hierarchy loaded
2017-07-17T01:49:16.804Z - success: inspector loaded
2017-07-17T01:49:16.804Z - success: keystore loaded
2017-07-17T01:49:16.819Z - success: node-library loaded
2017-07-17T01:49:16.819Z - success: package-asset loaded
2017-07-17T01:49:16.819Z - success: preferences loaded
2017-07-17T01:49:16.835Z - success: project-importer loaded
2017-07-17T01:49:16.835Z - success: project-settings loaded
2017-07-17T01:49:16.835Z - success: ui-kit loaded
2017-07-17T01:49:16.835Z - success: ui-grid loaded
2017-07-17T01:49:16.851Z - success: scene loaded
2017-07-17T01:49:16.853Z - success: sprite-editor loaded
2017-07-17T01:49:16.857Z - success: store loaded
2017-07-17T01:49:16.857Z - success: timeline loaded
2017-07-17T01:49:16.857Z - normal: Loading builtin packages
2017-07-17T01:49:16.857Z - success: asset-db-debugger loaded
2017-07-17T01:49:16.857Z - success: code-editor loaded
2017-07-17T01:49:16.857Z - success: color-picker loaded
2017-07-17T01:49:16.857Z - success: console loaded
2017-07-17T01:49:16.873Z - success: package-manager loaded
2017-07-17T01:49:16.873Z - success: sdkbox loaded
2017-07-17T01:49:16.873Z - success: tester loaded
2017-07-17T01:49:16.873Z - success: ui-kit-preview-extra loaded
2017-07-17T01:49:16.873Z - success: ui-kit-preview loaded
2017-07-17T01:49:16.873Z - success: ui-tree loaded
2017-07-17T01:49:17.636Z - normal: Initializing project D:\GitPro\circle-resource\WebContent\player\DesktopBull
2017-07-17T01:49:17.652Z - normal: Loading packages
2017-07-17T01:49:17.759Z - success: game-preview loaded
2017-07-17T01:49:17.759Z - normal: Watching packages
2017-07-17T01:49:17.790Z - normal: Run Application
2017-07-17T01:49:19.160Z - success: preview server running at http://localhost:7456
2017-07-17T01:49:22.252Z - normal: 1.5.1
2017-07-17T01:50:16.867Z - normal: Start building with options : {
  "androidStudio": true,
  "apiLevel": "",
  "appABIs": [],
  "appKey": "",
  "appSecret": "",
  "buildPath": "D:\\GitPro\\circle-resource\\WebContent\\player\\DesktopBull\\build",
  "debug": false,
  "dest": "D:\\GitPro\\circle-resource\\WebContent\\player\\DesktopBull\\build\\web-mobile",
  "excludedModules": [
    "MotionStreak",
    "VideoPlayer",
    "PageViewIndicator",
    "PageView",
    "ToggleGroup",
    "Toggle",
    "Spine Skeleton",
    "TiledMap"
  ],
  "includeAnySDK": false,
  "inlineSpriteFrames": true,
  "inlineSpriteFrames_native": true,
  "mergeStartScene": false,
  "oauthLoginServer": "",
  "optimizeHotUpdate": false,
  "orientation": {
    "landscapeLeft": true,
    "landscapeRight": true,
    "portrait": false,
    "upsideDown": false
  },
  "packageName": "org.cocos2d.pokergame",
  "platform": "web-mobile",
  "previewHeight": 720,
  "previewWidth": 1280,
  "privateKey": "",
  "renderMode": "0",
  "scenes": [
    {
      "url": "db://assets/Configs/Scene/InHomeLoading.fire",
      "uuid": "448294ed-81a2-4413-96db-3f3026c7bab5"
    },
    {
      "url": "db://assets/Configs/Scene/Platform.fire",
      "uuid": "ab0b495d-b923-4a70-88b3-0d342146c62d"
    },
    {
      "url": "db://assets/Configs/Scene/Poker_Bull100.fire",
      "uuid": "5653954b-a4c3-4141-8a20-2ef605339802"
    },
    {
      "url": "db://assets/Configs/Scene/Poker_Grab.fire",
      "uuid": "c4e90f30-b6a2-42ef-b6bf-1f761b6ddf8e"
    }
  ],
  "sourceMaps": false,
  "startScene": "448294ed-81a2-4413-96db-3f3026c7bab5",
  "template": "default",
  "title": "Poker_goldGame",
  "useDebugKeystore": true,
  "vsVersion": "auto",
  "webOrientation": "auto",
  "project": "D:\\GitPro\\circle-resource\\WebContent\\player\\DesktopBull",
  "projectName": "Poker_goldGame",
  "runtimePath": "C:\\Tools\\CocosCreator\\resources\\engine",
  "debugBuildWorker": false
}
2017-07-17T01:50:16.868Z - normal: Building D:\GitPro\circle-resource\WebContent\player\DesktopBull
2017-07-17T01:50:16.868Z - normal: Destination D:\GitPro\circle-resource\WebContent\player\DesktopBull\build\web-mobile
2017-07-17T01:50:17.237Z - normal: Delete D:\GitPro\circle-resource\WebContent\player\DesktopBull\build\web-mobile\res/**/*
2017-07-17T01:50:17.238Z - normal: Delete D:\GitPro\circle-resource\WebContent\player\DesktopBull\build\web-mobile\src/*/
2017-07-17T01:50:21.357Z - normal: Compiled project javascript file successfully
2017-07-17T01:50:21.357Z - normal: Start building assets
2017-07-17T01:50:21.357Z - normal: Start spawn build-worker
2017-07-17T01:50:21.877Z - normal: Finish spawn build-worker
2017-07-17T01:50:21.878Z - normal: Start init build-worker
2017-07-17T01:50:23.302Z - normal: 1.5.1
2017-07-17T01:50:23.416Z - normal: Finish init build-worker
2017-07-17T01:50:23.416Z - normal: Start build-assets in worker
2017-07-17T01:50:32.070Z - warn: D:/GitPro/circle-resource/WebContent/player/DesktopBull/assets/Texture/Common/dIalogs/common_board_windo_b.png was not been packed to AutoAtlas, please check it.
2017-07-17T01:50:32.070Z - warn: D:/GitPro/circle-resource/WebContent/player/DesktopBull/assets/Texture/Platform/board/common_board_zhujiemain_12.png was not been packed to AutoAtlas, please check it.
2017-07-17T01:50:32.070Z - warn: D:/GitPro/circle-resource/WebContent/player/DesktopBull/assets/Texture/Platform/board/common_board_zhujiemain_13.png was not been packed to AutoAtlas, please check it.
2017-07-17T01:50:32.071Z - warn: D:/GitPro/circle-resource/WebContent/player/DesktopBull/assets/Texture/Platform/board/platform_board_beijing.jpg was not been packed to AutoAtlas, please check it.
2017-07-17T01:50:32.071Z - warn: D:/GitPro/circle-resource/WebContent/player/DesktopBull/assets/Texture/Scene_Bull100/board/bull100_board_beijing_1.jpg was not been packed to AutoAtlas, please check it.
2017-07-17T01:50:32.071Z - warn: D:/GitPro/circle-resource/WebContent/player/DesktopBull/assets/Texture/Scene_Bull100/board/bull100_board_beijing_desk.png was not been packed to AutoAtlas, please check it.
2017-07-17T01:50:32.071Z - warn: D:/GitPro/circle-resource/WebContent/player/DesktopBull/assets/Texture/Scene_Common/Board/common_board_touxiang_4.png was not been packed to AutoAtlas, please check it.
2017-07-17T01:50:32.071Z - warn: D:/GitPro/circle-resource/WebContent/player/DesktopBull/assets/Texture/Scene_Grab/background/Grab__board_beijing_2.jpg was not been packed to AutoAtlas, please check it.
2017-07-17T01:50:32.071Z - warn: D:/GitPro/circle-resource/WebContent/player/DesktopBull/assets/Texture/SpecialEffect/InHomeLoading/board_jiazaibeij.jpg was not been packed to AutoAtlas, please check it.
2017-07-17T01:50:32.428Z - normal: Finish build-assets in worker
2017-07-17T01:50:32.432Z - normal: Finish building assets
2017-07-17T01:50:32.477Z - normal: Start building raw assets
2017-07-17T01:50:32.477Z - normal: [build-raw-assets] Start copying C:\Tools\CocosCreator\resources\static\default-assets\image\default_sprite_splash.png to D:\GitPro\circle-resource\WebContent\player\DesktopBull\build\web-mobile\res\raw-internal\image\default_sprite_splash.png
2017-07-17T01:50:32.477Z - normal: [build-raw-assets] Start copying D:\GitPro\circle-resource\WebContent\player\DesktopBull\assets\resources\Sounds\ogg_platform\bairenameBGMMono.ogg to D:\GitPro\circle-resource\WebContent\player\DesktopBull\build\web-mobile\res\raw-assets\resources\Sounds\ogg_platform\bairenameBGMMono.ogg
2017-07-17T01:50:32.478Z - normal: [build-raw-assets] Start copying D:\GitPro\circle-resource\WebContent\player\DesktopBull\assets\Texture\SpecialEffect\Bull_win\platform_win_tex.png to D:\GitPro\circle-resource\WebContent\player\DesktopBull\build\web-mobile\res\raw-assets\Texture\SpecialEffect\Bull_win\platform_win_tex.png
2017-07-17T01:50:32.478Z - normal: [build-raw-assets] Start copying D:\GitPro\circle-resource\WebContent\player\DesktopBull\assets\resources\Sounds\mp3_gameRoom\niu5_FEMALE_SOUND.mp3 to D:\GitPro\circle-resource\WebContent\player\DesktopBull\build\web-mobile\res\raw-assets\resources\Sounds\mp3_gameRoom\niu5_FEMALE_SOUND.mp3
2017-07-17T01:50:32.478Z - normal: [build-raw-assets] Start copying D:\GitPro\circle-resource\WebContent\player\DesktopBull\assets\resources\Sounds\mp3_gameRoom\xiazhucoinCollide.mp3 to D:\GitPro\circle-resource\WebContent\player\DesktopBull\build\web-mobile\res\raw-assets\resources\Sounds\mp3_gameRoom\xiazhucoinCollide.mp3
2017-07-17T01:50:32.478Z - normal: [build-raw-assets] Start copying D:\GitPro\circle-resource\WebContent\player\DesktopBull\assets\resources\Sounds\ogg_gameRoom\kaishi_compCard_thunder.ogg to D:\GitPro\circle-resource\WebContent\player\DesktopBull\build\web-mobile\res\raw-assets\resources\Sounds\ogg_gameRoom\kaishi_compCard_thunder.ogg
2017-07-17T01:50:32.478Z - normal: [build-raw-assets] Start copying D:\GitPro\circle-resource\WebContent\player\DesktopBull\assets\Texture\Platform\RoomBoard\font_02_0.png to D:\GitPro\circle-resource\WebContent\player\DesktopBull\build\web-mobile\res\raw-assets\Texture\Platform\RoomBoard\font_02_0.png
2017-07-17T01:50:32.478Z - normal: [build-raw-assets] Start copying D:\GitPro\circle-resource\WebContent\player\DesktopBull\assets\resources\Sounds\mp3_gameRoom\meiniu1_BANKER_SOUND.mp3 to D:\GitPro\circle-resource\WebContent\player\DesktopBull\build\web-mobile\res\raw-assets\resources\Sounds\mp3_gameRoom\meiniu1_BANKER_SOUND.mp3
2017-07-17T01:50:32.478Z - normal: [build-raw-assets] Start copying D:\GitPro\circle-resource\WebContent\player\DesktopBull\assets\resources\Sounds\ogg_gameRoom\niu6_FEMALE_SOUND.ogg to D:\GitPro\circle-resource\WebContent\player\DesktopBull\build\web-mobile\res\raw-assets\resources\Sounds\ogg_gameRoom\niu6_FEMALE_SOUND.ogg
2017-07-17T01:50:32.478Z - normal: [build-raw-assets] Start copying D:\GitPro\circle-resource\WebContent\player\DesktopBull\assets\resources\Sounds\mp3_gameRoom\jinbicoins_fly_in_long.mp3 to D:\GitPro\circle-resource\WebContent\player\DesktopBull\build\web-mobile\res\raw-assets\resources\Sounds\mp3_gameRoom\jinbicoins_fly_in_long.mp3
2017-07-17T01:50:32.478Z - normal: [build-raw-assets] Start copying D:\GitPro\circle-resource\WebContent\player\DesktopBull\assets\Texture\SpecialEffect\grab_winFlag\platform_specialEffects_win_tex.png to D:\GitPro\circle-resource\WebContent\player\DesktopBull\build\web-mobile\res\raw-assets\Texture\SpecialEffect\grab_winFlag\platform_specialEffects_win_tex.png
2017-07-17T01:50:32.478Z - normal: [build-raw-assets] Start copying D:\GitPro\circle-resource\WebContent\player\DesktopBull\assets\resources\Sounds\mp3_gameRoom\niu9_FEMALE_SOUND.mp3 to D:\GitPro\circle-resource\WebContent\player\DesktopBull\build\web-mobile\res\raw-assets\resources\Sounds\mp3_gameRoom\niu9_FEMALE_SOUND.mp3
2017-07-17T01:50:32.478Z - normal: [build-raw-assets] Start copying D:\GitPro\circle-resource\WebContent\player\DesktopBull\assets\Texture\SpecialEffect\InHomeLoading\board_jiazaibeij.jpg to D:\GitPro\circle-resource\WebContent\player\DesktopBull\build\web-mobile\res\raw-assets\Texture\SpecialEffect\InHomeLoading\board_jiazaibeij.jpg
2017-07-17T01:50:32.478Z - normal: [build-raw-assets] Start copying D:\GitPro\circle-resource\WebContent\player\DesktopBull\assets\resources\Sounds\mp3_gameRoom\niu3_FEMALE_SOUND.mp3 to D:\GitPro\circle-resource\WebContent\player\DesktopBull\build\web-mobile\res\raw-assets\resources\Sounds\mp3_gameRoom\niu3_FEMALE_SOUND.mp3
2017-07-17T01:50:32.479Z - normal: [build-raw-assets] Start copying D:\GitPro\circle-resource\WebContent\player\DesktopBull\assets\resources\Sounds\ogg_gameRoom\niu7_FEMALE_SOUND.ogg to D:\GitPro\circle-resource\WebContent\player\DesktopBull\build\web-mobile\res\raw-assets\resources\Sounds\ogg_gameRoom\niu7_FEMALE_SOUND.ogg
2017-07-17T01:50:32.479Z - normal: [build-raw-assets] Start copying D:\GitPro\circle-resource\WebContent\player\DesktopBull\assets\resources\Heads\unknown1.png to D:\GitPro\circle-resource\WebContent\player\DesktopBull\build\web-mobile\res\raw-assets\resources\Heads\unknown1.png
2017-07-17T01:50:32.479Z - normal: [build-raw-assets] Start copying D:\GitPro\circle-resource\WebContent\player\DesktopBull\assets\resources\Sounds\mp3_gameRoom\niu8_FEMALE_SOUND.mp3 to D:\GitPro\circle-resource\WebContent\player\DesktopBull\build\web-mobile\res\raw-assets\resources\Sounds\mp3_gameRoom\niu8_FEMALE_SOUND.mp3
2017-07-17T01:50:32.479Z - normal: [build-raw-assets] Start copying D:\GitPro\circle-resource\WebContent\player\DesktopBull\assets\resources\Sounds\mp3_gameRoom\niu6_FEMALE_SOUND.mp3 to D:\GitPro\circle-resource\WebContent\player\DesktopBull\build\web-mobile\res\raw-assets\resources\Sounds\mp3_gameRoom\niu6_FEMALE_SOUND.mp3
2017-07-17T01:50:32.479Z - normal: [build-raw-assets] Start copying D:\GitPro\circle-resource\WebContent\player\DesktopBull\assets\resources\Sounds\ogg_gameRoom\niu3_FEMALE_SOUND.ogg to D:\GitPro\circle-resource\WebContent\player\DesktopBull\build\web-mobile\res\raw-assets\resources\Sounds\ogg_gameRoom\niu3_FEMALE_SOUND.ogg
2017-07-17T01:50:32.479Z - normal: [build-raw-assets] Start copying D:\GitPro\circle-resource\WebContent\player\DesktopBull\assets\Texture\Platform\board\common_board_zhujiemain_13.png to D:\GitPro\circle-resource\WebContent\player\DesktopBull\build\web-mobile\res\raw-assets\Texture\Platform\board\common_board_zhujiemain_13.png
2017-07-17T01:50:32.479Z - normal: [build-raw-assets] Start copying D:\GitPro\circle-resource\WebContent\player\DesktopBull\assets\resources\Sounds\ogg_gameRoom\gameLose.ogg to D:\GitPro\circle-resource\WebContent\player\DesktopBull\build\web-mobile\res\raw-assets\resources\Sounds\ogg_gameRoom\gameLose.ogg
2017-07-17T01:50:32.479Z - normal: [build-raw-assets] Start copying D:\GitPro\circle-resource\WebContent\player\DesktopBull\assets\resources\Sounds\mp3_gameRoom\gameLose.mp3 to D:\GitPro\circle-resource\WebContent\player\DesktopBull\build\web-mobile\res\raw-assets\resources\Sounds\mp3_gameRoom\gameLose.mp3
2017-07-17T01:50:32.479Z - normal: [build-raw-assets] Start copying D:\GitPro\circle-resource\WebContent\player\DesktopBull\assets\resources\Sounds\ogg_gameRoom\jinbicoins_fly_in_long.ogg to D:\GitPro\circle-resource\WebContent\player\DesktopBull\build\web-mobile\res\raw-assets\resources\Sounds\ogg_gameRoom\jinbicoins_fly_in_long.ogg
2017-07-17T01:50:32.479Z - normal: [build-raw-assets] Start copying D:\GitPro\circle-resource\WebContent\player\DesktopBull\assets\resources\Sounds\ogg_gameRoom\liangpai_showCard_show.ogg to D:\GitPro\circle-resource\WebContent\player\DesktopBull\build\web-mobile\res\raw-assets\resources\Sounds\ogg_gameRoom\liangpai_showCard_show.ogg
2017-07-17T01:50:32.479Z - normal: [build-raw-assets] Start copying D:\GitPro\circle-resource\WebContent\player\DesktopBull\assets\Texture\Platform\board\common_board_zhujiemain_12.png to D:\GitPro\circle-resource\WebContent\player\DesktopBull\build\web-mobile\res\raw-assets\Texture\Platform\board\common_board_zhujiemain_12.png
2017-07-17T01:50:32.479Z - normal: [build-raw-assets] Start copying D:\GitPro\circle-resource\WebContent\player\DesktopBull\assets\Texture\Common\dIalogs\common_board_windo_b.png to D:\GitPro\circle-resource\WebContent\player\DesktopBull\build\web-mobile\res\raw-assets\Texture\Common\dIalogs\common_board_windo_b.png
2017-07-17T01:50:32.479Z - normal: [build-raw-assets] Start copying D:\GitPro\circle-resource\WebContent\player\DesktopBull\assets\Texture\Platform\RoomBoard\common_text_room_room.png to D:\GitPro\circle-resource\WebContent\player\DesktopBull\build\web-mobile\res\raw-assets\Texture\Platform\RoomBoard\common_text_room_room.png
2017-07-17T01:50:32.479Z - normal: [build-raw-assets] Start copying D:\GitPro\circle-resource\WebContent\player\DesktopBull\assets\resources\Heads\head01.png to D:\GitPro\circle-resource\WebContent\player\DesktopBull\build\web-mobile\res\raw-assets\resources\Heads\head01.png
2017-07-17T01:50:32.479Z - normal: [build-raw-assets] Start copying D:\GitPro\circle-resource\WebContent\player\DesktopBull\assets\resources\Tables\Classic_mainConfig.json to D:\GitPro\circle-resource\WebContent\player\DesktopBull\build\web-mobile\res\raw-assets\resources\Tables\Classic_mainConfig.json
2017-07-17T01:50:32.479Z - normal: [build-raw-assets] Start copying D:\GitPro\circle-resource\WebContent\player\DesktopBull\assets\Texture\SpecialEffect\Platform_enter\Home_bet_tex.png to D:\GitPro\circle-resource\WebContent\player\DesktopBull\build\web-mobile\res\raw-assets\Texture\SpecialEffect\Platform_enter\Home_bet_tex.png
2017-07-17T01:50:32.479Z - normal: [build-raw-assets] Start copying D:\GitPro\circle-resource\WebContent\player\DesktopBull\assets\resources\Sounds\ogg_gameRoom\niu5_FEMALE_SOUND.ogg to D:\GitPro\circle-resource\WebContent\player\DesktopBull\build\web-mobile\res\raw-assets\resources\Sounds\ogg_gameRoom\niu5_FEMALE_SOUND.ogg
2017-07-17T01:50:32.479Z - normal: [build-raw-assets] Start copying D:\GitPro\circle-resource\WebContent\player\DesktopBull\assets\resources\Tables\Enum_audioName.json to D:\GitPro\circle-resource\WebContent\player\DesktopBull\build\web-mobile\res\raw-assets\resources\Tables\Enum_audioName.json
2017-07-17T01:50:32.480Z - normal: [build-raw-assets] Start copying D:\GitPro\circle-resource\WebContent\player\DesktopBull\assets\resources\Sounds\mp3_gameRoom\niu1_FEMALE_SOUND.mp3 to D:\GitPro\circle-resource\WebContent\player\DesktopBull\build\web-mobile\res\raw-assets\resources\Sounds\mp3_gameRoom\niu1_FEMALE_SOUND.mp3
2017-07-17T01:50:32.480Z - normal: [build-raw-assets] Start copying D:\GitPro\circle-resource\WebContent\player\DesktopBull\assets\resources\Sounds\ogg_gameRoom\xiazhucoinCollide.ogg to D:\GitPro\circle-resource\WebContent\player\DesktopBull\build\web-mobile\res\raw-assets\resources\Sounds\ogg_gameRoom\xiazhucoinCollide.ogg
2017-07-17T01:50:32.480Z - normal: [build-raw-assets] Start copying D:\GitPro\circle-resource\WebContent\player\DesktopBull\assets\resources\Tables\Grab_mainConfig.json to D:\GitPro\circle-resource\WebContent\player\DesktopBull\build\web-mobile\res\raw-assets\resources\Tables\Grab_mainConfig.json
2017-07-17T01:50:32.480Z - normal: [build-raw-assets] Start copying D:\GitPro\circle-resource\WebContent\player\DesktopBull\assets\Texture\Platform\board\platform_board_beijing.jpg to D:\GitPro\circle-resource\WebContent\player\DesktopBull\build\web-mobile\res\raw-assets\Texture\Platform\board\platform_board_beijing.jpg
2017-07-17T01:50:32.480Z - normal: [build-raw-assets] Start copying D:\GitPro\circle-resource\WebContent\player\DesktopBull\assets\resources\Sounds\ogg_gameRoom\meiniu2_FEMALE_SOUND.ogg to D:\GitPro\circle-resource\WebContent\player\DesktopBull\build\web-mobile\res\raw-assets\resources\Sounds\ogg_gameRoom\meiniu2_FEMALE_SOUND.ogg
2017-07-17T01:50:32.480Z - normal: [build-raw-assets] Start copying D:\GitPro\circle-resource\WebContent\player\DesktopBull\assets\resources\Sounds\ogg_gameRoom\meiniu1_BANKER_SOUND.ogg to D:\GitPro\circle-resource\WebContent\player\DesktopBull\build\web-mobile\res\raw-assets\resources\Sounds\ogg_gameRoom\meiniu1_BANKER_SOUND.ogg
2017-07-17T01:50:32.480Z - normal: [build-raw-assets] Start copying D:\GitPro\circle-resource\WebContent\player\DesktopBull\assets\resources\Sounds\mp3_gameRoom\meiniu2_FEMALE_SOUND.mp3 to D:\GitPro\circle-resource\WebContent\player\DesktopBull\build\web-mobile\res\raw-assets\resources\Sounds\mp3_gameRoom\meiniu2_FEMALE_SOUND.mp3
2017-07-17T01:50:32.480Z - normal: [build-raw-assets] Start copying D:\GitPro\circle-resource\WebContent\player\DesktopBull\assets\resources\Sounds\mp3_gameRoom\liangpai_showCard_show.mp3 to D:\GitPro\circle-resource\WebContent\player\DesktopBull\build\web-mobile\res\raw-assets\resources\Sounds\mp3_gameRoom\liangpai_showCard_show.mp3
2017-07-17T01:50:32.480Z - normal: [build-raw-assets] Start copying D:\GitPro\circle-resource\WebContent\player\DesktopBull\assets\resources\Sounds\ogg_gameRoom\fapai_showCard_card.ogg to D:\GitPro\circle-resource\WebContent\player\DesktopBull\build\web-mobile\res\raw-assets\resources\Sounds\ogg_gameRoom\fapai_showCard_card.ogg
2017-07-17T01:50:32.480Z - normal: [build-raw-assets] Start copying D:\GitPro\circle-resource\WebContent\player\DesktopBull\assets\resources\Sounds\mp3_gameRoom\niu4_FEMALE_SOUND.mp3 to D:\GitPro\circle-resource\WebContent\player\DesktopBull\build\web-mobile\res\raw-assets\resources\Sounds\mp3_gameRoom\niu4_FEMALE_SOUND.mp3
2017-07-17T01:50:32.480Z - normal: [build-raw-assets] Start copying D:\GitPro\circle-resource\WebContent\player\DesktopBull\assets\resources\Sounds\ogg_gameRoom\niu8_FEMALE_SOUND.ogg to D:\GitPro\circle-resource\WebContent\player\DesktopBull\build\web-mobile\res\raw-assets\resources\Sounds\ogg_gameRoom\niu8_FEMALE_SOUND.ogg
2017-07-17T01:50:32.480Z - normal: [build-raw-assets] Start copying D:\GitPro\circle-resource\WebContent\player\DesktopBull\assets\resources\Sounds\ogg_gameRoom\niu4_FEMALE_SOUND.ogg to D:\GitPro\circle-resource\WebContent\player\DesktopBull\build\web-mobile\res\raw-assets\resources\Sounds\ogg_gameRoom\niu4_FEMALE_SOUND.ogg
2017-07-17T01:50:32.481Z - normal: [build-raw-assets] Start copying D:\GitPro\circle-resource\WebContent\player\DesktopBull\assets\Texture\SpecialEffect\Bull100_start\Home_start_tex.png to D:\GitPro\circle-resource\WebContent\player\DesktopBull\build\web-mobile\res\raw-assets\Texture\SpecialEffect\Bull100_start\Home_start_tex.png
2017-07-17T01:50:32.481Z - normal: [build-raw-assets] Start copying D:\GitPro\circle-resource\WebContent\player\DesktopBull\assets\Texture\SpecialEffect\TouchEffect\shouzhiDH04.png to D:\GitPro\circle-resource\WebContent\player\DesktopBull\build\web-mobile\res\raw-assets\Texture\SpecialEffect\TouchEffect\shouzhiDH04.png
2017-07-17T01:50:32.481Z - normal: [build-raw-assets] Start copying D:\GitPro\circle-resource\WebContent\player\DesktopBull\assets\resources\Sounds\ogg_gameRoom\niu2_FEMALE_SOUND.ogg to D:\GitPro\circle-resource\WebContent\player\DesktopBull\build\web-mobile\res\raw-assets\resources\Sounds\ogg_gameRoom\niu2_FEMALE_SOUND.ogg
2017-07-17T01:50:32.482Z - normal: [build-raw-assets] Start copying D:\GitPro\circle-resource\WebContent\player\DesktopBull\assets\Texture\Common\single\unknown1.png to D:\GitPro\circle-resource\WebContent\player\DesktopBull\build\web-mobile\res\raw-assets\Texture\Common\single\unknown1.png
2017-07-17T01:50:32.482Z - normal: [build-raw-assets] Start copying D:\GitPro\circle-resource\WebContent\player\DesktopBull\assets\resources\Sounds\mp3_gameRoom\niu2_FEMALE_SOUND.mp3 to D:\GitPro\circle-resource\WebContent\player\DesktopBull\build\web-mobile\res\raw-assets\resources\Sounds\mp3_gameRoom\niu2_FEMALE_SOUND.mp3
2017-07-17T01:50:32.482Z - normal: [build-raw-assets] Start copying D:\GitPro\circle-resource\WebContent\player\DesktopBull\assets\resources\Sounds\ogg_gameRoom\niuniu_FEMALE_SOUND.ogg to D:\GitPro\circle-resource\WebContent\player\DesktopBull\build\web-mobile\res\raw-assets\resources\Sounds\ogg_gameRoom\niuniu_FEMALE_SOUND.ogg
2017-07-17T01:50:32.482Z - normal: [build-raw-assets] Start copying D:\GitPro\circle-resource\WebContent\player\DesktopBull\assets\resources\Tables\CommonConfig.json to D:\GitPro\circle-resource\WebContent\player\DesktopBull\build\web-mobile\res\raw-assets\resources\Tables\CommonConfig.json
2017-07-17T01:50:32.482Z - normal: [build-raw-assets] Start copying D:\GitPro\circle-resource\WebContent\player\DesktopBull\assets\Texture\SpecialEffect\Home_zhuang_mark\Home_zhuang_mark_tex.png to D:\GitPro\circle-resource\WebContent\player\DesktopBull\build\web-mobile\res\raw-assets\Texture\SpecialEffect\Home_zhuang_mark\Home_zhuang_mark_tex.png
2017-07-17T01:50:32.482Z - normal: [build-raw-assets] Start copying D:\GitPro\circle-resource\WebContent\player\DesktopBull\assets\Texture\Common\BigImages\common_board_rules2.jpg to D:\GitPro\circle-resource\WebContent\player\DesktopBull\build\web-mobile\res\raw-assets\Texture\Common\BigImages\common_board_rules2.jpg
2017-07-17T01:50:32.482Z - normal: [build-raw-assets] Start copying D:\GitPro\circle-resource\WebContent\player\DesktopBull\assets\Texture\Scene_Bull100\board\bull100_board_beijing_desk.png to D:\GitPro\circle-resource\WebContent\player\DesktopBull\build\web-mobile\res\raw-assets\Texture\Scene_Bull100\board\bull100_board_beijing_desk.png
2017-07-17T01:50:32.483Z - normal: [build-raw-assets] Start copying D:\GitPro\circle-resource\WebContent\player\DesktopBull\assets\Texture\SpecialEffect\Bull_lose\platform_lose_tex.png to D:\GitPro\circle-resource\WebContent\player\DesktopBull\build\web-mobile\res\raw-assets\Texture\SpecialEffect\Bull_lose\platform_lose_tex.png
2017-07-17T01:50:32.483Z - normal: [build-raw-assets] Start copying D:\GitPro\circle-resource\WebContent\player\DesktopBull\assets\Texture\SpecialEffect\coinEffect\Home_coins_tex.png to D:\GitPro\circle-resource\WebContent\player\DesktopBull\build\web-mobile\res\raw-assets\Texture\SpecialEffect\coinEffect\Home_coins_tex.png
2017-07-17T01:50:32.483Z - normal: [build-raw-assets] Start copying D:\GitPro\circle-resource\WebContent\player\DesktopBull\assets\resources\Sounds\mp3_gameRoom\gameWin.mp3 to D:\GitPro\circle-resource\WebContent\player\DesktopBull\build\web-mobile\res\raw-assets\resources\Sounds\mp3_gameRoom\gameWin.mp3
2017-07-17T01:50:32.483Z - normal: [build-raw-assets] Start copying D:\GitPro\circle-resource\WebContent\player\DesktopBull\assets\resources\Sounds\mp3_platform\Button_clickDeal_Card_Sound_A.mp3 to D:\GitPro\circle-resource\WebContent\player\DesktopBull\build\web-mobile\res\raw-assets\resources\Sounds\mp3_platform\Button_clickDeal_Card_Sound_A.mp3
2017-07-17T01:50:32.483Z - normal: [build-raw-assets] Start copying D:\GitPro\circle-resource\WebContent\player\DesktopBull\assets\Texture\SpecialEffect\SimpleLoading\loading_jiazai_tex.png to D:\GitPro\circle-resource\WebContent\player\DesktopBull\build\web-mobile\res\raw-assets\Texture\SpecialEffect\SimpleLoading\loading_jiazai_tex.png
2017-07-17T01:50:32.483Z - normal: [build-raw-assets] Start copying D:\GitPro\circle-resource\WebContent\player\DesktopBull\assets\resources\Tables\Common_loadingTips.json to D:\GitPro\circle-resource\WebContent\player\DesktopBull\build\web-mobile\res\raw-assets\resources\Tables\Common_loadingTips.json
2017-07-17T01:50:32.483Z - normal: [build-raw-assets] Start copying D:\GitPro\circle-resource\WebContent\player\DesktopBull\assets\resources\Sounds\ogg_gameRoom\gameWin.ogg to D:\GitPro\circle-resource\WebContent\player\DesktopBull\build\web-mobile\res\raw-assets\resources\Sounds\ogg_gameRoom\gameWin.ogg
2017-07-17T01:50:32.484Z - normal: [build-raw-assets] Start copying D:\GitPro\circle-resource\WebContent\player\DesktopBull\assets\resources\Sounds\ogg_gameRoom\niu1_FEMALE_SOUND.ogg to D:\GitPro\circle-resource\WebContent\player\DesktopBull\build\web-mobile\res\raw-assets\resources\Sounds\ogg_gameRoom\niu1_FEMALE_SOUND.ogg
2017-07-17T01:50:32.484Z - normal: [build-raw-assets] Start copying D:\GitPro\circle-resource\WebContent\player\DesktopBull\assets\resources\Tables\Chinese.json to D:\GitPro\circle-resource\WebContent\player\DesktopBull\build\web-mobile\res\raw-assets\resources\Tables\Chinese.json
2017-07-17T01:50:32.484Z - normal: [build-raw-assets] Start copying D:\GitPro\circle-resource\WebContent\player\DesktopBull\assets\resources\Sounds\mp3_gameRoom\niuniu_FEMALE_SOUND.mp3 to D:\GitPro\circle-resource\WebContent\player\DesktopBull\build\web-mobile\res\raw-assets\resources\Sounds\mp3_gameRoom\niuniu_FEMALE_SOUND.mp3
2017-07-17T01:50:32.484Z - normal: [build-raw-assets] Start copying D:\GitPro\circle-resource\WebContent\player\DesktopBull\assets\resources\Sounds\mp3_platform\bairenameBGMMono.mp3 to D:\GitPro\circle-resource\WebContent\player\DesktopBull\build\web-mobile\res\raw-assets\resources\Sounds\mp3_platform\bairenameBGMMono.mp3
2017-07-17T01:50:32.484Z - normal: [build-raw-assets] Start copying D:\GitPro\circle-resource\WebContent\player\DesktopBull\assets\Texture\Common\single\sztishidibang.png to D:\GitPro\circle-resource\WebContent\player\DesktopBull\build\web-mobile\res\raw-assets\Texture\Common\single\sztishidibang.png
2017-07-17T01:50:32.484Z - normal: [build-raw-assets] Start copying D:\GitPro\circle-resource\WebContent\player\DesktopBull\assets\Texture\Scene_Grab\background\Grab__board_beijing_2.jpg to D:\GitPro\circle-resource\WebContent\player\DesktopBull\build\web-mobile\res\raw-assets\Texture\Scene_Grab\background\Grab__board_beijing_2.jpg
2017-07-17T01:50:32.484Z - normal: [build-raw-assets] Start copying D:\GitPro\circle-resource\WebContent\player\DesktopBull\assets\resources\Sounds\mp3_gameRoom\kaishi_compCard_thunder.mp3 to D:\GitPro\circle-resource\WebContent\player\DesktopBull\build\web-mobile\res\raw-assets\resources\Sounds\mp3_gameRoom\kaishi_compCard_thunder.mp3
2017-07-17T01:50:32.484Z - normal: [build-raw-assets] Start copying D:\GitPro\circle-resource\WebContent\player\DesktopBull\assets\Texture\Scene_Bull100\board\bull100_board_beijing_1.jpg to D:\GitPro\circle-resource\WebContent\player\DesktopBull\build\web-mobile\res\raw-assets\Texture\Scene_Bull100\board\bull100_board_beijing_1.jpg
2017-07-17T01:50:32.484Z - normal: [build-raw-assets] Start copying D:\GitPro\circle-resource\WebContent\player\DesktopBull\assets\resources\Sounds\ogg_gameRoom\niu9_FEMALE_SOUND.ogg to D:\GitPro\circle-resource\WebContent\player\DesktopBull\build\web-mobile\res\raw-assets\resources\Sounds\ogg_gameRoom\niu9_FEMALE_SOUND.ogg
2017-07-17T01:50:32.484Z - normal: [build-raw-assets] Start copying D:\GitPro\circle-resource\WebContent\player\DesktopBull\assets\resources\Sounds\mp3_gameRoom\fapai_showCard_card.mp3 to D:\GitPro\circle-resource\WebContent\player\DesktopBull\build\web-mobile\res\raw-assets\resources\Sounds\mp3_gameRoom\fapai_showCard_card.mp3
2017-07-17T01:50:32.484Z - normal: [build-raw-assets] Start copying D:\GitPro\circle-resource\WebContent\player\DesktopBull\assets\resources\Sounds\ogg_platform\Button clickDeal_Card_Sound_A.ogg to D:\GitPro\circle-resource\WebContent\player\DesktopBull\build\web-mobile\res\raw-assets\resources\Sounds\ogg_platform\Button clickDeal_Card_Sound_A.ogg
2017-07-17T01:50:32.484Z - normal: [build-raw-assets] Start copying D:\GitPro\circle-resource\WebContent\player\DesktopBull\assets\Texture\Scene_Common\Card\card.png to D:\GitPro\circle-resource\WebContent\player\DesktopBull\build\web-mobile\res\raw-assets\Texture\Scene_Common\Card\card.png
2017-07-17T01:50:32.485Z - normal: [build-raw-assets] Start copying D:\GitPro\circle-resource\WebContent\player\DesktopBull\assets\Texture\SpecialEffect\bull_startBetting\platform_xzquyu_tex.png to D:\GitPro\circle-resource\WebContent\player\DesktopBull\build\web-mobile\res\raw-assets\Texture\SpecialEffect\bull_startBetting\platform_xzquyu_tex.png
2017-07-17T01:50:32.485Z - normal: [build-raw-assets] Start copying D:\GitPro\circle-resource\WebContent\player\DesktopBull\assets\Texture\Common\BigImages\common_board_rules1.jpg to D:\GitPro\circle-resource\WebContent\player\DesktopBull\build\web-mobile\res\raw-assets\Texture\Common\BigImages\common_board_rules1.jpg
2017-07-17T01:50:32.485Z - normal: [build-raw-assets] Start copying D:\GitPro\circle-resource\WebContent\player\DesktopBull\assets\Texture\Scene_Common\Board\common_board_touxiang_4.png to D:\GitPro\circle-resource\WebContent\player\DesktopBull\build\web-mobile\res\raw-assets\Texture\Scene_Common\Board\common_board_touxiang_4.png
2017-07-17T01:50:32.485Z - normal: [build-raw-assets] Start copying D:\GitPro\circle-resource\WebContent\player\DesktopBull\assets\resources\Sounds\mp3_gameRoom\niu7_FEMALE_SOUND.mp3 to D:\GitPro\circle-resource\WebContent\player\DesktopBull\build\web-mobile\res\raw-assets\resources\Sounds\mp3_gameRoom\niu7_FEMALE_SOUND.mp3
2017-07-17T01:50:32.529Z - normal: [build-raw-assets] Finish copying D:\GitPro\circle-resource\WebContent\player\DesktopBull\assets\Texture\Platform\board\common_board_zhujiemain_13.png to D:\GitPro\circle-resource\WebContent\player\DesktopBull\build\web-mobile\res\raw-assets\Texture\Platform\board\common_board_zhujiemain_13.png
2017-07-17T01:50:32.529Z - normal: [build-raw-assets] Finish copying D:\GitPro\circle-resource\WebContent\player\DesktopBull\assets\Texture\Common\dIalogs\common_board_windo_b.png to D:\GitPro\circle-resource\WebContent\player\DesktopBull\build\web-mobile\res\raw-assets\Texture\Common\dIalogs\common_board_windo_b.png
2017-07-17T01:50:32.534Z - normal: [build-raw-assets] Finish copying D:\GitPro\circle-resource\WebContent\player\DesktopBull\assets\Texture\Scene_Common\Board\common_board_touxiang_4.png to D:\GitPro\circle-resource\WebContent\player\DesktopBull\build\web-mobile\res\raw-assets\Texture\Scene_Common\Board\common_board_touxiang_4.png
2017-07-17T01:50:32.534Z - normal: [build-raw-assets] Finish copying D:\GitPro\circle-resource\WebContent\player\DesktopBull\assets\Texture\Platform\RoomBoard\font_02_0.png to D:\GitPro\circle-resource\WebContent\player\DesktopBull\build\web-mobile\res\raw-assets\Texture\Platform\RoomBoard\font_02_0.png
2017-07-17T01:50:32.548Z - normal: [build-raw-assets] Finish copying D:\GitPro\circle-resource\WebContent\player\DesktopBull\assets\Texture\Platform\board\common_board_zhujiemain_12.png to D:\GitPro\circle-resource\WebContent\player\DesktopBull\build\web-mobile\res\raw-assets\Texture\Platform\board\common_board_zhujiemain_12.png
2017-07-17T01:50:32.550Z - normal: [build-raw-assets] Finish copying D:\GitPro\circle-resource\WebContent\player\DesktopBull\assets\Texture\Common\single\unknown1.png to D:\GitPro\circle-resource\WebContent\player\DesktopBull\build\web-mobile\res\raw-assets\Texture\Common\single\unknown1.png
2017-07-17T01:50:32.550Z - normal: [build-raw-assets] Finish copying D:\GitPro\circle-resource\WebContent\player\DesktopBull\assets\Texture\SpecialEffect\TouchEffect\shouzhiDH04.png to D:\GitPro\circle-resource\WebContent\player\DesktopBull\build\web-mobile\res\raw-assets\Texture\SpecialEffect\TouchEffect\shouzhiDH04.png
2017-07-17T01:50:32.552Z - normal: [build-raw-assets] Finish copying D:\GitPro\circle-resource\WebContent\player\DesktopBull\assets\Texture\Scene_Bull100\board\bull100_board_beijing_1.jpg to D:\GitPro\circle-resource\WebContent\player\DesktopBull\build\web-mobile\res\raw-assets\Texture\Scene_Bull100\board\bull100_board_beijing_1.jpg
2017-07-17T01:50:32.553Z - normal: [build-raw-assets] Finish copying D:\GitPro\circle-resource\WebContent\player\DesktopBull\assets\Texture\SpecialEffect\SimpleLoading\loading_jiazai_tex.png to D:\GitPro\circle-resource\WebContent\player\DesktopBull\build\web-mobile\res\raw-assets\Texture\SpecialEffect\SimpleLoading\loading_jiazai_tex.png
2017-07-17T01:50:32.553Z - normal: [build-raw-assets] Finish copying D:\GitPro\circle-resource\WebContent\player\DesktopBull\assets\Texture\Scene_Common\Card\card.png to D:\GitPro\circle-resource\WebContent\player\DesktopBull\build\web-mobile\res\raw-assets\Texture\Scene_Common\Card\card.png
2017-07-17T01:50:32.554Z - normal: [build-raw-assets] Finish copying D:\GitPro\circle-resource\WebContent\player\DesktopBull\assets\Texture\SpecialEffect\grab_winFlag\platform_specialEffects_win_tex.png to D:\GitPro\circle-resource\WebContent\player\DesktopBull\build\web-mobile\res\raw-assets\Texture\SpecialEffect\grab_winFlag\platform_specialEffects_win_tex.png
2017-07-17T01:50:32.554Z - normal: [build-raw-assets] Finish copying D:\GitPro\circle-resource\WebContent\player\DesktopBull\assets\Texture\SpecialEffect\InHomeLoading\board_jiazaibeij.jpg to D:\GitPro\circle-resource\WebContent\player\DesktopBull\build\web-mobile\res\raw-assets\Texture\SpecialEffect\InHomeLoading\board_jiazaibeij.jpg
2017-07-17T01:50:32.555Z - normal: [build-raw-assets] Finish copying D:\GitPro\circle-resource\WebContent\player\DesktopBull\assets\Texture\Platform\board\platform_board_beijing.jpg to D:\GitPro\circle-resource\WebContent\player\DesktopBull\build\web-mobile\res\raw-assets\Texture\Platform\board\platform_board_beijing.jpg
2017-07-17T01:50:32.566Z - normal: [build-raw-assets] Finish copying D:\GitPro\circle-resource\WebContent\player\DesktopBull\assets\Texture\Scene_Grab\background\Grab__board_beijing_2.jpg to D:\GitPro\circle-resource\WebContent\player\DesktopBull\build\web-mobile\res\raw-assets\Texture\Scene_Grab\background\Grab__board_beijing_2.jpg
2017-07-17T01:50:32.567Z - normal: [build-raw-assets] Finish copying D:\GitPro\circle-resource\WebContent\player\DesktopBull\assets\Texture\Common\single\sztishidibang.png to D:\GitPro\circle-resource\WebContent\player\DesktopBull\build\web-mobile\res\raw-assets\Texture\Common\single\sztishidibang.png
2017-07-17T01:50:32.573Z - normal: [build-raw-assets] Finish copying C:\Tools\CocosCreator\resources\static\default-assets\image\default_sprite_splash.png to D:\GitPro\circle-resource\WebContent\player\DesktopBull\build\web-mobile\res\raw-internal\image\default_sprite_splash.png
2017-07-17T01:50:32.575Z - normal: [build-raw-assets] Finish copying D:\GitPro\circle-resource\WebContent\player\DesktopBull\assets\resources\Heads\unknown1.png to D:\GitPro\circle-resource\WebContent\player\DesktopBull\build\web-mobile\res\raw-assets\resources\Heads\unknown1.png
2017-07-17T01:50:32.685Z - normal: [build-raw-assets] Finish copying D:\GitPro\circle-resource\WebContent\player\DesktopBull\assets\Texture\SpecialEffect\coinEffect\Home_coins_tex.png to D:\GitPro\circle-resource\WebContent\player\DesktopBull\build\web-mobile\res\raw-assets\Texture\SpecialEffect\coinEffect\Home_coins_tex.png
2017-07-17T01:50:32.689Z - normal: [build-raw-assets] Finish copying D:\GitPro\circle-resource\WebContent\player\DesktopBull\assets\resources\Tables\Classic_mainConfig.json to D:\GitPro\circle-resource\WebContent\player\DesktopBull\build\web-mobile\res\raw-assets\resources\Tables\Classic_mainConfig.json
2017-07-17T01:50:32.702Z - normal: [build-raw-assets] Finish copying D:\GitPro\circle-resource\WebContent\player\DesktopBull\assets\Texture\Common\BigImages\common_board_rules2.jpg to D:\GitPro\circle-resource\WebContent\player\DesktopBull\build\web-mobile\res\raw-assets\Texture\Common\BigImages\common_board_rules2.jpg
2017-07-17T01:50:32.704Z - normal: [build-raw-assets] Finish copying D:\GitPro\circle-resource\WebContent\player\DesktopBull\assets\resources\Sounds\mp3_gameRoom\niu8_FEMALE_SOUND.mp3 to D:\GitPro\circle-resource\WebContent\player\DesktopBull\build\web-mobile\res\raw-assets\resources\Sounds\mp3_gameRoom\niu8_FEMALE_SOUND.mp3
2017-07-17T01:50:32.708Z - normal: [build-raw-assets] Finish copying D:\GitPro\circle-resource\WebContent\player\DesktopBull\assets\resources\Sounds\ogg_platform\Button clickDeal_Card_Sound_A.ogg to D:\GitPro\circle-resource\WebContent\player\DesktopBull\build\web-mobile\res\raw-assets\resources\Sounds\ogg_platform\Button clickDeal_Card_Sound_A.ogg
2017-07-17T01:50:32.711Z - normal: [build-raw-assets] Finish copying D:\GitPro\circle-resource\WebContent\player\DesktopBull\assets\resources\Sounds\mp3_gameRoom\niu6_FEMALE_SOUND.mp3 to D:\GitPro\circle-resource\WebContent\player\DesktopBull\build\web-mobile\res\raw-assets\resources\Sounds\mp3_gameRoom\niu6_FEMALE_SOUND.mp3
2017-07-17T01:50:32.711Z - normal: [build-raw-assets] Finish copying D:\GitPro\circle-resource\WebContent\player\DesktopBull\assets\resources\Sounds\mp3_platform\Button_clickDeal_Card_Sound_A.mp3 to D:\GitPro\circle-resource\WebContent\player\DesktopBull\build\web-mobile\res\raw-assets\resources\Sounds\mp3_platform\Button_clickDeal_Card_Sound_A.mp3
2017-07-17T01:50:32.712Z - normal: [build-raw-assets] Finish copying D:\GitPro\circle-resource\WebContent\player\DesktopBull\assets\resources\Sounds\ogg_gameRoom\gameLose.ogg to D:\GitPro\circle-resource\WebContent\player\DesktopBull\build\web-mobile\res\raw-assets\resources\Sounds\ogg_gameRoom\gameLose.ogg
2017-07-17T01:50:32.713Z - normal: [build-raw-assets] Finish copying D:\GitPro\circle-resource\WebContent\player\DesktopBull\assets\resources\Sounds\ogg_gameRoom\niu3_FEMALE_SOUND.ogg to D:\GitPro\circle-resource\WebContent\player\DesktopBull\build\web-mobile\res\raw-assets\resources\Sounds\ogg_gameRoom\niu3_FEMALE_SOUND.ogg
2017-07-17T01:50:32.713Z - normal: [build-raw-assets] Finish copying D:\GitPro\circle-resource\WebContent\player\DesktopBull\assets\resources\Sounds\ogg_gameRoom\jinbicoins_fly_in_long.ogg to D:\GitPro\circle-resource\WebContent\player\DesktopBull\build\web-mobile\res\raw-assets\resources\Sounds\ogg_gameRoom\jinbicoins_fly_in_long.ogg
2017-07-17T01:50:32.716Z - normal: [build-raw-assets] Finish copying D:\GitPro\circle-resource\WebContent\player\DesktopBull\assets\Texture\SpecialEffect\Home_zhuang_mark\Home_zhuang_mark_tex.png to D:\GitPro\circle-resource\WebContent\player\DesktopBull\build\web-mobile\res\raw-assets\Texture\SpecialEffect\Home_zhuang_mark\Home_zhuang_mark_tex.png
2017-07-17T01:50:32.716Z - normal: [build-raw-assets] Finish copying D:\GitPro\circle-resource\WebContent\player\DesktopBull\assets\resources\Sounds\ogg_gameRoom\liangpai_showCard_show.ogg to D:\GitPro\circle-resource\WebContent\player\DesktopBull\build\web-mobile\res\raw-assets\resources\Sounds\ogg_gameRoom\liangpai_showCard_show.ogg
2017-07-17T01:50:32.716Z - normal: [build-raw-assets] Finish copying D:\GitPro\circle-resource\WebContent\player\DesktopBull\assets\resources\Sounds\ogg_gameRoom\niu5_FEMALE_SOUND.ogg to D:\GitPro\circle-resource\WebContent\player\DesktopBull\build\web-mobile\res\raw-assets\resources\Sounds\ogg_gameRoom\niu5_FEMALE_SOUND.ogg
2017-07-17T01:50:32.716Z - normal: [build-raw-assets] Finish copying D:\GitPro\circle-resource\WebContent\player\DesktopBull\assets\resources\Tables\Enum_audioName.json to D:\GitPro\circle-resource\WebContent\player\DesktopBull\build\web-mobile\res\raw-assets\resources\Tables\Enum_audioName.json
2017-07-17T01:50:32.717Z - normal: [build-raw-assets] Finish copying D:\GitPro\circle-resource\WebContent\player\DesktopBull\assets\resources\Sounds\mp3_gameRoom\niu1_FEMALE_SOUND.mp3 to D:\GitPro\circle-resource\WebContent\player\DesktopBull\build\web-mobile\res\raw-assets\resources\Sounds\mp3_gameRoom\niu1_FEMALE_SOUND.mp3
2017-07-17T01:50:32.717Z - normal: [build-raw-assets] Finish copying D:\GitPro\circle-resource\WebContent\player\DesktopBull\assets\resources\Tables\Grab_mainConfig.json to D:\GitPro\circle-resource\WebContent\player\DesktopBull\build\web-mobile\res\raw-assets\resources\Tables\Grab_mainConfig.json
2017-07-17T01:50:32.717Z - normal: [build-raw-assets] Finish copying D:\GitPro\circle-resource\WebContent\player\DesktopBull\assets\resources\Sounds\ogg_gameRoom\xiazhucoinCollide.ogg to D:\GitPro\circle-resource\WebContent\player\DesktopBull\build\web-mobile\res\raw-assets\resources\Sounds\ogg_gameRoom\xiazhucoinCollide.ogg
2017-07-17T01:50:32.717Z - normal: [build-raw-assets] Finish copying D:\GitPro\circle-resource\WebContent\player\DesktopBull\assets\resources\Heads\head01.png to D:\GitPro\circle-resource\WebContent\player\DesktopBull\build\web-mobile\res\raw-assets\resources\Heads\head01.png
2017-07-17T01:50:32.717Z - normal: [build-raw-assets] Finish copying D:\GitPro\circle-resource\WebContent\player\DesktopBull\assets\resources\Sounds\mp3_gameRoom\meiniu2_FEMALE_SOUND.mp3 to D:\GitPro\circle-resource\WebContent\player\DesktopBull\build\web-mobile\res\raw-assets\resources\Sounds\mp3_gameRoom\meiniu2_FEMALE_SOUND.mp3
2017-07-17T01:50:32.717Z - normal: [build-raw-assets] Finish copying D:\GitPro\circle-resource\WebContent\player\DesktopBull\assets\resources\Sounds\ogg_gameRoom\fapai_showCard_card.ogg to D:\GitPro\circle-resource\WebContent\player\DesktopBull\build\web-mobile\res\raw-assets\resources\Sounds\ogg_gameRoom\fapai_showCard_card.ogg
2017-07-17T01:50:32.717Z - normal: [build-raw-assets] Finish copying D:\GitPro\circle-resource\WebContent\player\DesktopBull\assets\resources\Sounds\mp3_gameRoom\gameLose.mp3 to D:\GitPro\circle-resource\WebContent\player\DesktopBull\build\web-mobile\res\raw-assets\resources\Sounds\mp3_gameRoom\gameLose.mp3
2017-07-17T01:50:32.717Z - normal: [build-raw-assets] Finish copying D:\GitPro\circle-resource\WebContent\player\DesktopBull\assets\resources\Sounds\mp3_gameRoom\niu4_FEMALE_SOUND.mp3 to D:\GitPro\circle-resource\WebContent\player\DesktopBull\build\web-mobile\res\raw-assets\resources\Sounds\mp3_gameRoom\niu4_FEMALE_SOUND.mp3
2017-07-17T01:50:32.717Z - normal: [build-raw-assets] Finish copying D:\GitPro\circle-resource\WebContent\player\DesktopBull\assets\resources\Sounds\ogg_gameRoom\meiniu2_FEMALE_SOUND.ogg to D:\GitPro\circle-resource\WebContent\player\DesktopBull\build\web-mobile\res\raw-assets\resources\Sounds\ogg_gameRoom\meiniu2_FEMALE_SOUND.ogg
2017-07-17T01:50:32.717Z - normal: [build-raw-assets] Finish copying D:\GitPro\circle-resource\WebContent\player\DesktopBull\assets\resources\Sounds\mp3_gameRoom\liangpai_showCard_show.mp3 to D:\GitPro\circle-resource\WebContent\player\DesktopBull\build\web-mobile\res\raw-assets\resources\Sounds\mp3_gameRoom\liangpai_showCard_show.mp3
2017-07-17T01:50:32.718Z - normal: [build-raw-assets] Finish copying D:\GitPro\circle-resource\WebContent\player\DesktopBull\assets\resources\Sounds\ogg_gameRoom\niu8_FEMALE_SOUND.ogg to D:\GitPro\circle-resource\WebContent\player\DesktopBull\build\web-mobile\res\raw-assets\resources\Sounds\ogg_gameRoom\niu8_FEMALE_SOUND.ogg
2017-07-17T01:50:32.718Z - normal: [build-raw-assets] Finish copying D:\GitPro\circle-resource\WebContent\player\DesktopBull\assets\resources\Sounds\mp3_gameRoom\niu2_FEMALE_SOUND.mp3 to D:\GitPro\circle-resource\WebContent\player\DesktopBull\build\web-mobile\res\raw-assets\resources\Sounds\mp3_gameRoom\niu2_FEMALE_SOUND.mp3
2017-07-17T01:50:32.719Z - normal: [build-raw-assets] Finish copying D:\GitPro\circle-resource\WebContent\player\DesktopBull\assets\Texture\SpecialEffect\Platform_enter\Home_bet_tex.png to D:\GitPro\circle-resource\WebContent\player\DesktopBull\build\web-mobile\res\raw-assets\Texture\SpecialEffect\Platform_enter\Home_bet_tex.png
2017-07-17T01:50:32.719Z - normal: [build-raw-assets] Finish copying D:\GitPro\circle-resource\WebContent\player\DesktopBull\assets\resources\Sounds\ogg_gameRoom\niuniu_FEMALE_SOUND.ogg to D:\GitPro\circle-resource\WebContent\player\DesktopBull\build\web-mobile\res\raw-assets\resources\Sounds\ogg_gameRoom\niuniu_FEMALE_SOUND.ogg
2017-07-17T01:50:32.719Z - normal: [build-raw-assets] Finish copying D:\GitPro\circle-resource\WebContent\player\DesktopBull\assets\resources\Tables\CommonConfig.json to D:\GitPro\circle-resource\WebContent\player\DesktopBull\build\web-mobile\res\raw-assets\resources\Tables\CommonConfig.json
2017-07-17T01:50:32.719Z - normal: [build-raw-assets] Finish copying D:\GitPro\circle-resource\WebContent\player\DesktopBull\assets\resources\Sounds\ogg_gameRoom\niu2_FEMALE_SOUND.ogg to D:\GitPro\circle-resource\WebContent\player\DesktopBull\build\web-mobile\res\raw-assets\resources\Sounds\ogg_gameRoom\niu2_FEMALE_SOUND.ogg
2017-07-17T01:50:32.719Z - normal: [build-raw-assets] Finish copying D:\GitPro\circle-resource\WebContent\player\DesktopBull\assets\resources\Tables\Common_loadingTips.json to D:\GitPro\circle-resource\WebContent\player\DesktopBull\build\web-mobile\res\raw-assets\resources\Tables\Common_loadingTips.json
2017-07-17T01:50:32.720Z - normal: [build-raw-assets] Finish copying D:\GitPro\circle-resource\WebContent\player\DesktopBull\assets\resources\Sounds\mp3_gameRoom\gameWin.mp3 to D:\GitPro\circle-resource\WebContent\player\DesktopBull\build\web-mobile\res\raw-assets\resources\Sounds\mp3_gameRoom\gameWin.mp3
2017-07-17T01:50:32.720Z - normal: [build-raw-assets] Finish copying D:\GitPro\circle-resource\WebContent\player\DesktopBull\assets\resources\Sounds\ogg_gameRoom\meiniu1_BANKER_SOUND.ogg to D:\GitPro\circle-resource\WebContent\player\DesktopBull\build\web-mobile\res\raw-assets\resources\Sounds\ogg_gameRoom\meiniu1_BANKER_SOUND.ogg
2017-07-17T01:50:32.721Z - normal: [build-raw-assets] Finish copying D:\GitPro\circle-resource\WebContent\player\DesktopBull\assets\resources\Tables\Chinese.json to D:\GitPro\circle-resource\WebContent\player\DesktopBull\build\web-mobile\res\raw-assets\resources\Tables\Chinese.json
2017-07-17T01:50:32.721Z - normal: [build-raw-assets] Finish copying D:\GitPro\circle-resource\WebContent\player\DesktopBull\assets\resources\Sounds\mp3_gameRoom\niuniu_FEMALE_SOUND.mp3 to D:\GitPro\circle-resource\WebContent\player\DesktopBull\build\web-mobile\res\raw-assets\resources\Sounds\mp3_gameRoom\niuniu_FEMALE_SOUND.mp3
2017-07-17T01:50:32.721Z - normal: [build-raw-assets] Finish copying D:\GitPro\circle-resource\WebContent\player\DesktopBull\assets\resources\Sounds\ogg_gameRoom\niu1_FEMALE_SOUND.ogg to D:\GitPro\circle-resource\WebContent\player\DesktopBull\build\web-mobile\res\raw-assets\resources\Sounds\ogg_gameRoom\niu1_FEMALE_SOUND.ogg
2017-07-17T01:50:32.721Z - normal: [build-raw-assets] Finish copying D:\GitPro\circle-resource\WebContent\player\DesktopBull\assets\resources\Sounds\mp3_gameRoom\kaishi_compCard_thunder.mp3 to D:\GitPro\circle-resource\WebContent\player\DesktopBull\build\web-mobile\res\raw-assets\resources\Sounds\mp3_gameRoom\kaishi_compCard_thunder.mp3
2017-07-17T01:50:32.721Z - normal: [build-raw-assets] Finish copying D:\GitPro\circle-resource\WebContent\player\DesktopBull\assets\resources\Sounds\ogg_gameRoom\niu9_FEMALE_SOUND.ogg to D:\GitPro\circle-resource\WebContent\player\DesktopBull\build\web-mobile\res\raw-assets\resources\Sounds\ogg_gameRoom\niu9_FEMALE_SOUND.ogg
2017-07-17T01:50:32.721Z - normal: [build-raw-assets] Finish copying D:\GitPro\circle-resource\WebContent\player\DesktopBull\assets\resources\Sounds\mp3_gameRoom\fapai_showCard_card.mp3 to D:\GitPro\circle-resource\WebContent\player\DesktopBull\build\web-mobile\res\raw-assets\resources\Sounds\mp3_gameRoom\fapai_showCard_card.mp3
2017-07-17T01:50:32.721Z - normal: [build-raw-assets] Finish copying D:\GitPro\circle-resource\WebContent\player\DesktopBull\assets\Texture\Common\BigImages\common_board_rules1.jpg to D:\GitPro\circle-resource\WebContent\player\DesktopBull\build\web-mobile\res\raw-assets\Texture\Common\BigImages\common_board_rules1.jpg
2017-07-17T01:50:32.721Z - normal: [build-raw-assets] Finish copying D:\GitPro\circle-resource\WebContent\player\DesktopBull\assets\resources\Sounds\mp3_gameRoom\niu7_FEMALE_SOUND.mp3 to D:\GitPro\circle-resource\WebContent\player\DesktopBull\build\web-mobile\res\raw-assets\resources\Sounds\mp3_gameRoom\niu7_FEMALE_SOUND.mp3
2017-07-17T01:50:32.729Z - normal: [build-raw-assets] Finish copying D:\GitPro\circle-resource\WebContent\player\DesktopBull\assets\Texture\Platform\RoomBoard\common_text_room_room.png to D:\GitPro\circle-resource\WebContent\player\DesktopBull\build\web-mobile\res\raw-assets\Texture\Platform\RoomBoard\common_text_room_room.png
2017-07-17T01:50:32.733Z - normal: [build-raw-assets] Finish copying D:\GitPro\circle-resource\WebContent\player\DesktopBull\assets\resources\Sounds\ogg_gameRoom\niu4_FEMALE_SOUND.ogg to D:\GitPro\circle-resource\WebContent\player\DesktopBull\build\web-mobile\res\raw-assets\resources\Sounds\ogg_gameRoom\niu4_FEMALE_SOUND.ogg
2017-07-17T01:50:32.734Z - normal: [build-raw-assets] Finish copying D:\GitPro\circle-resource\WebContent\player\DesktopBull\assets\resources\Sounds\ogg_gameRoom\gameWin.ogg to D:\GitPro\circle-resource\WebContent\player\DesktopBull\build\web-mobile\res\raw-assets\resources\Sounds\ogg_gameRoom\gameWin.ogg
2017-07-17T01:50:32.734Z - normal: [build-raw-assets] Finish copying D:\GitPro\circle-resource\WebContent\player\DesktopBull\assets\resources\Sounds\mp3_gameRoom\niu5_FEMALE_SOUND.mp3 to D:\GitPro\circle-resource\WebContent\player\DesktopBull\build\web-mobile\res\raw-assets\resources\Sounds\mp3_gameRoom\niu5_FEMALE_SOUND.mp3
2017-07-17T01:50:32.734Z - normal: [build-raw-assets] Finish copying D:\GitPro\circle-resource\WebContent\player\DesktopBull\assets\resources\Sounds\mp3_gameRoom\xiazhucoinCollide.mp3 to D:\GitPro\circle-resource\WebContent\player\DesktopBull\build\web-mobile\res\raw-assets\resources\Sounds\mp3_gameRoom\xiazhucoinCollide.mp3
2017-07-17T01:50:32.734Z - normal: [build-raw-assets] Finish copying D:\GitPro\circle-resource\WebContent\player\DesktopBull\assets\resources\Sounds\mp3_gameRoom\meiniu1_BANKER_SOUND.mp3 to D:\GitPro\circle-resource\WebContent\player\DesktopBull\build\web-mobile\res\raw-assets\resources\Sounds\mp3_gameRoom\meiniu1_BANKER_SOUND.mp3
2017-07-17T01:50:32.734Z - normal: [build-raw-assets] Finish copying D:\GitPro\circle-resource\WebContent\player\DesktopBull\assets\resources\Sounds\mp3_gameRoom\jinbicoins_fly_in_long.mp3 to D:\GitPro\circle-resource\WebContent\player\DesktopBull\build\web-mobile\res\raw-assets\resources\Sounds\mp3_gameRoom\jinbicoins_fly_in_long.mp3
2017-07-17T01:50:32.734Z - normal: [build-raw-assets] Finish copying D:\GitPro\circle-resource\WebContent\player\DesktopBull\assets\resources\Sounds\ogg_gameRoom\niu6_FEMALE_SOUND.ogg to D:\GitPro\circle-resource\WebContent\player\DesktopBull\build\web-mobile\res\raw-assets\resources\Sounds\ogg_gameRoom\niu6_FEMALE_SOUND.ogg
2017-07-17T01:50:32.734Z - normal: [build-raw-assets] Finish copying D:\GitPro\circle-resource\WebContent\player\DesktopBull\assets\resources\Sounds\mp3_gameRoom\niu3_FEMALE_SOUND.mp3 to D:\GitPro\circle-resource\WebContent\player\DesktopBull\build\web-mobile\res\raw-assets\resources\Sounds\mp3_gameRoom\niu3_FEMALE_SOUND.mp3
2017-07-17T01:50:32.735Z - normal: [build-raw-assets] Finish copying D:\GitPro\circle-resource\WebContent\player\DesktopBull\assets\resources\Sounds\mp3_gameRoom\niu9_FEMALE_SOUND.mp3 to D:\GitPro\circle-resource\WebContent\player\DesktopBull\build\web-mobile\res\raw-assets\resources\Sounds\mp3_gameRoom\niu9_FEMALE_SOUND.mp3
2017-07-17T01:50:32.735Z - normal: [build-raw-assets] Finish copying D:\GitPro\circle-resource\WebContent\player\DesktopBull\assets\resources\Sounds\mp3_platform\bairenameBGMMono.mp3 to D:\GitPro\circle-resource\WebContent\player\DesktopBull\build\web-mobile\res\raw-assets\resources\Sounds\mp3_platform\bairenameBGMMono.mp3
2017-07-17T01:50:32.736Z - normal: [build-raw-assets] Finish copying D:\GitPro\circle-resource\WebContent\player\DesktopBull\assets\Texture\SpecialEffect\Bull100_start\Home_start_tex.png to D:\GitPro\circle-resource\WebContent\player\DesktopBull\build\web-mobile\res\raw-assets\Texture\SpecialEffect\Bull100_start\Home_start_tex.png
2017-07-17T01:50:32.738Z - normal: [build-raw-assets] Finish copying D:\GitPro\circle-resource\WebContent\player\DesktopBull\assets\resources\Sounds\ogg_gameRoom\kaishi_compCard_thunder.ogg to D:\GitPro\circle-resource\WebContent\player\DesktopBull\build\web-mobile\res\raw-assets\resources\Sounds\ogg_gameRoom\kaishi_compCard_thunder.ogg
2017-07-17T01:50:32.739Z - normal: [build-raw-assets] Finish copying D:\GitPro\circle-resource\WebContent\player\DesktopBull\assets\Texture\Scene_Bull100\board\bull100_board_beijing_desk.png to D:\GitPro\circle-resource\WebContent\player\DesktopBull\build\web-mobile\res\raw-assets\Texture\Scene_Bull100\board\bull100_board_beijing_desk.png
2017-07-17T01:50:32.740Z - normal: [build-raw-assets] Finish copying D:\GitPro\circle-resource\WebContent\player\DesktopBull\assets\Texture\SpecialEffect\bull_startBetting\platform_xzquyu_tex.png to D:\GitPro\circle-resource\WebContent\player\DesktopBull\build\web-mobile\res\raw-assets\Texture\SpecialEffect\bull_startBetting\platform_xzquyu_tex.png
2017-07-17T01:50:32.741Z - normal: [build-raw-assets] Finish copying D:\GitPro\circle-resource\WebContent\player\DesktopBull\assets\resources\Sounds\ogg_gameRoom\niu7_FEMALE_SOUND.ogg to D:\GitPro\circle-resource\WebContent\player\DesktopBull\build\web-mobile\res\raw-assets\resources\Sounds\ogg_gameRoom\niu7_FEMALE_SOUND.ogg
2017-07-17T01:50:32.742Z - normal: [build-raw-assets] Finish copying D:\GitPro\circle-resource\WebContent\player\DesktopBull\assets\Texture\SpecialEffect\Bull_lose\platform_lose_tex.png to D:\GitPro\circle-resource\WebContent\player\DesktopBull\build\web-mobile\res\raw-assets\Texture\SpecialEffect\Bull_lose\platform_lose_tex.png
2017-07-17T01:50:32.760Z - normal: [build-raw-assets] Finish copying D:\GitPro\circle-resource\WebContent\player\DesktopBull\assets\resources\Sounds\ogg_platform\bairenameBGMMono.ogg to D:\GitPro\circle-resource\WebContent\player\DesktopBull\build\web-mobile\res\raw-assets\resources\Sounds\ogg_platform\bairenameBGMMono.ogg
2017-07-17T01:50:32.768Z - normal: [build-raw-assets] Finish copying D:\GitPro\circle-resource\WebContent\player\DesktopBull\assets\Texture\SpecialEffect\Bull_win\platform_win_tex.png to D:\GitPro\circle-resource\WebContent\player\DesktopBull\build\web-mobile\res\raw-assets\Texture\SpecialEffect\Bull_win\platform_win_tex.png
2017-07-17T01:50:32.768Z - normal: Finish building raw assets
2017-07-17T01:50:32.789Z - normal: Generating main.js from C:\Tools\CocosCreator\resources\static\build-templates\shares\main.js
2017-07-17T01:50:32.805Z - normal: Generating html from C:\Tools\CocosCreator\resources\static\build-templates\web-mobile\template\index.html
2017-07-17T01:50:32.815Z - normal: Built to "D:\GitPro\circle-resource\WebContent\player\DesktopBull\build\web-mobile" successfully
2017-07-17T01:53:25.995Z - info: shutdown preview server
